<?xml version="1.0" ?>
<!DOCTYPE coverage SYSTEM "http://cobertura.sourceforge.net/xml/coverage-04.dtd">
<coverage lines-valid="98" lines-covered="98" line-rate="1" branches-valid="22" branches-covered="22" branch-rate="1" timestamp="1646034502303" complexity="0" version="0.1">
  <sources>
    <source>/home/thiagocampos/Área de Trabalho/delivers/app</source>
  </sources>
  <packages>
    <package name="src" line-rate="1" branch-rate="1">
      <classes>
        <class name="App.tsx" filename="src/App.tsx" line-rate="1" branch-rate="1">
          <methods>
            <method name="App" hits="1" signature="()V">
              <lines>
                <line number="5" hits="1"/>
              </lines>
            </method>
          </methods>
          <lines>
            <line number="6" hits="1" branch="false"/>
          </lines>
        </class>
      </classes>
    </package>
    <package name="src.pages.deliveries" line-rate="1" branch-rate="1">
      <classes>
        <class name="Deliveries.tsx" filename="src/pages/deliveries/Deliveries.tsx" line-rate="1" branch-rate="1">
          <methods>
            <method name="(anonymous_0)" hits="4" signature="()V">
              <lines>
                <line number="8" hits="4"/>
              </lines>
            </method>
            <method name="(anonymous_1)" hits="1" signature="()V">
              <lines>
                <line number="13" hits="1"/>
              </lines>
            </method>
            <method name="(anonymous_2)" hits="1" signature="()V">
              <lines>
                <line number="19" hits="1"/>
              </lines>
            </method>
            <method name="(anonymous_3)" hits="2" signature="()V">
              <lines>
                <line number="22" hits="2"/>
              </lines>
            </method>
          </methods>
          <lines>
            <line number="8" hits="3" branch="false"/>
            <line number="10" hits="4" branch="false"/>
            <line number="13" hits="1" branch="false"/>
            <line number="16" hits="4" branch="false"/>
            <line number="19" hits="1" branch="false"/>
            <line number="22" hits="4" branch="false"/>
            <line number="23" hits="2" branch="true" condition-coverage="100% (2/2)"/>
            <line number="24" hits="1" branch="false"/>
            <line number="28" hits="4" branch="false"/>
          </lines>
        </class>
        <class name="DeliveriesView.tsx" filename="src/pages/deliveries/DeliveriesView.tsx" line-rate="1" branch-rate="1">
          <methods>
            <method name="(anonymous_0)" hits="2" signature="()V">
              <lines>
                <line number="11" hits="2"/>
              </lines>
            </method>
            <method name="(anonymous_1)" hits="2" signature="()V">
              <lines>
                <line number="16" hits="2"/>
              </lines>
            </method>
          </methods>
          <lines>
            <line number="11" hits="4" branch="false"/>
            <line number="13" hits="2" branch="false"/>
            <line number="17" hits="2" branch="false"/>
          </lines>
        </class>
      </classes>
    </package>
    <package name="src.pages.delivery" line-rate="1" branch-rate="1">
      <classes>
        <class name="Delivery.tsx" filename="src/pages/delivery/Delivery.tsx" line-rate="1" branch-rate="1">
          <methods>
            <method name="(anonymous_0)" hits="6" signature="()V">
              <lines>
                <line number="15" hits="6"/>
              </lines>
            </method>
            <method name="(anonymous_1)" hits="1" signature="()V">
              <lines>
                <line number="19" hits="1"/>
              </lines>
            </method>
            <method name="(anonymous_2)" hits="1" signature="()V">
              <lines>
                <line number="21" hits="1"/>
              </lines>
            </method>
            <method name="(anonymous_3)" hits="1" signature="()V">
              <lines>
                <line number="28" hits="1"/>
              </lines>
            </method>
            <method name="(anonymous_4)" hits="1" signature="()V">
              <lines>
                <line number="35" hits="1"/>
              </lines>
            </method>
            <method name="(anonymous_5)" hits="1" signature="()V">
              <lines>
                <line number="41" hits="1"/>
              </lines>
            </method>
            <method name="(anonymous_6)" hits="1" signature="()V">
              <lines>
                <line number="44" hits="1"/>
              </lines>
            </method>
            <method name="(anonymous_7)" hits="1" signature="()V">
              <lines>
                <line number="48" hits="1"/>
              </lines>
            </method>
            <method name="(anonymous_8)" hits="2" signature="()V">
              <lines>
                <line number="52" hits="2"/>
              </lines>
            </method>
          </methods>
          <lines>
            <line number="15" hits="3" branch="false"/>
            <line number="16" hits="6" branch="false"/>
            <line number="17" hits="6" branch="false"/>
            <line number="19" hits="6" branch="false"/>
            <line number="20" hits="1" branch="false"/>
            <line number="22" hits="1" branch="false"/>
            <line number="23" hits="1" branch="false"/>
            <line number="28" hits="6" branch="false"/>
            <line number="29" hits="1" branch="false"/>
            <line number="32" hits="6" branch="false"/>
            <line number="35" hits="1" branch="false"/>
            <line number="38" hits="6" branch="false"/>
            <line number="41" hits="1" branch="false"/>
            <line number="44" hits="6" branch="false"/>
            <line number="45" hits="1" branch="true" condition-coverage="100% (2/2)"/>
            <line number="48" hits="6" branch="false"/>
            <line number="49" hits="1" branch="true" condition-coverage="100% (2/2)"/>
            <line number="52" hits="6" branch="false"/>
            <line number="53" hits="2" branch="true" condition-coverage="100% (4/4)"/>
            <line number="54" hits="1" branch="false"/>
            <line number="55" hits="1" branch="false"/>
            <line number="57" hits="1" branch="false"/>
            <line number="65" hits="1" branch="false"/>
            <line number="66" hits="1" branch="false"/>
            <line number="69" hits="6" branch="false"/>
          </lines>
        </class>
        <class name="DeliveryView.tsx" filename="src/pages/delivery/DeliveryView.tsx" line-rate="1" branch-rate="1">
          <methods>
            <method name="(anonymous_0)" hits="6" signature="()V">
              <lines>
                <line number="18" hits="6"/>
              </lines>
            </method>
            <method name="(anonymous_1)" hits="6" signature="()V">
              <lines>
                <line number="23" hits="6"/>
              </lines>
            </method>
            <method name="(anonymous_2)" hits="1" signature="()V">
              <lines>
                <line number="27" hits="1"/>
              </lines>
            </method>
            <method name="(anonymous_3)" hits="1" signature="()V">
              <lines>
                <line number="28" hits="1"/>
              </lines>
            </method>
            <method name="(anonymous_4)" hits="6" signature="()V">
              <lines>
                <line number="45" hits="6"/>
              </lines>
            </method>
          </methods>
          <lines>
            <line number="18" hits="4" branch="false"/>
            <line number="20" hits="6" branch="true" condition-coverage="100% (2/2)"/>
            <line number="21" hits="6" branch="true" condition-coverage="100% (2/2)"/>
            <line number="23" hits="6" branch="false"/>
            <line number="24" hits="6" branch="true" condition-coverage="100% (2/2)"/>
            <line number="25" hits="4" branch="false"/>
            <line number="27" hits="1" branch="false"/>
            <line number="28" hits="1" branch="false"/>
            <line number="32" hits="2" branch="false"/>
            <line number="45" hits="6" branch="false"/>
            <line number="46" hits="6" branch="true" condition-coverage="100% (2/2)"/>
            <line number="47" hits="5" branch="false"/>
            <line number="57" hits="1" branch="false"/>
            <line number="67" hits="6" branch="false"/>
          </lines>
        </class>
      </classes>
    </package>
    <package name="src.routes" line-rate="1" branch-rate="1">
      <classes>
        <class name="AppRouter.tsx" filename="src/routes/AppRouter.tsx" line-rate="1" branch-rate="1">
          <methods>
            <method name="(anonymous_0)" hits="2" signature="()V">
              <lines>
                <line number="6" hits="2"/>
              </lines>
            </method>
          </methods>
          <lines>
            <line number="6" hits="2" branch="false"/>
            <line number="7" hits="2" branch="false"/>
          </lines>
        </class>
      </classes>
    </package>
    <package name="src.services.deliveries" line-rate="1" branch-rate="1">
      <classes>
        <class name="DeliveriesService.ts" filename="src/services/deliveries/DeliveriesService.ts" line-rate="1" branch-rate="1">
          <methods>
            <method name="(anonymous_0)" hits="2" signature="()V">
              <lines>
                <line number="5" hits="2"/>
              </lines>
            </method>
            <method name="(anonymous_1)" hits="2" signature="()V">
              <lines>
                <line number="16" hits="2"/>
              </lines>
            </method>
            <method name="(anonymous_2)" hits="2" signature="()V">
              <lines>
                <line number="26" hits="2"/>
              </lines>
            </method>
          </methods>
          <lines>
            <line number="3" hits="7" branch="false"/>
            <line number="5" hits="7" branch="false"/>
            <line number="6" hits="2" branch="false"/>
            <line number="7" hits="2" branch="false"/>
            <line number="8" hits="2" branch="false"/>
            <line number="10" hits="1" branch="false"/>
            <line number="12" hits="1" branch="false"/>
            <line number="16" hits="7" branch="false"/>
            <line number="17" hits="2" branch="false"/>
            <line number="18" hits="2" branch="false"/>
            <line number="19" hits="2" branch="false"/>
            <line number="20" hits="1" branch="false"/>
            <line number="22" hits="1" branch="false"/>
            <line number="26" hits="7" branch="false"/>
            <line number="27" hits="2" branch="false"/>
            <line number="28" hits="2" branch="false"/>
            <line number="29" hits="1" branch="false"/>
            <line number="30" hits="1" branch="false"/>
            <line number="32" hits="1" branch="false"/>
          </lines>
        </class>
        <class name="DeliveriesService.types.ts" filename="src/services/deliveries/DeliveriesService.types.ts" line-rate="1" branch-rate="1">
          <methods>
          </methods>
          <lines>
          </lines>
        </class>
      </classes>
    </package>
    <package name="src.stores.activeProps" line-rate="1" branch-rate="1">
      <classes>
        <class name="ActivePropsEffect.ts" filename="src/stores/activeProps/ActivePropsEffect.ts" line-rate="1" branch-rate="1">
          <methods>
          </methods>
          <lines>
            <line number="4" hits="5" branch="false"/>
          </lines>
        </class>
        <class name="ActivePropsState.ts" filename="src/stores/activeProps/ActivePropsState.ts" line-rate="1" branch-rate="1">
          <methods>
          </methods>
          <lines>
          </lines>
        </class>
        <class name="ActivePropsStore.ts" filename="src/stores/activeProps/ActivePropsStore.ts" line-rate="1" branch-rate="1">
          <methods>
            <method name="(anonymous_0)" hits="1" signature="()V">
              <lines>
                <line number="11" hits="1"/>
              </lines>
            </method>
          </methods>
          <lines>
            <line number="6" hits="5" branch="false"/>
            <line number="11" hits="5" branch="false"/>
            <line number="12" hits="1" branch="false"/>
          </lines>
        </class>
      </classes>
    </package>
    <package name="src.stores.deliveries" line-rate="1" branch-rate="1">
      <classes>
        <class name="DeliveriesEffect.ts" filename="src/stores/deliveries/DeliveriesEffect.ts" line-rate="1" branch-rate="1">
          <methods>
            <method name="(anonymous_0)" hits="1" signature="()V">
              <lines>
                <line number="5" hits="1"/>
              </lines>
            </method>
          </methods>
          <lines>
            <line number="5" hits="4" branch="false"/>
            <line number="7" hits="1" branch="false"/>
            <line number="9" hits="1" branch="false"/>
          </lines>
        </class>
        <class name="DeliveriesEvents.ts" filename="src/stores/deliveries/DeliveriesEvents.ts" line-rate="1" branch-rate="1">
          <methods>
          </methods>
          <lines>
            <line number="4" hits="1" branch="false"/>
          </lines>
        </class>
        <class name="DeliveriesState.ts" filename="src/stores/deliveries/DeliveriesState.ts" line-rate="1" branch-rate="1">
          <methods>
          </methods>
          <lines>
          </lines>
        </class>
        <class name="DeliveriesStore.ts" filename="src/stores/deliveries/DeliveriesStore.ts" line-rate="1" branch-rate="1">
          <methods>
            <method name="(anonymous_0)" hits="1" signature="()V">
              <lines>
                <line number="11" hits="1"/>
              </lines>
            </method>
            <method name="(anonymous_1)" hits="1" signature="()V">
              <lines>
                <line number="12" hits="1"/>
              </lines>
            </method>
          </methods>
          <lines>
            <line number="6" hits="4" branch="false"/>
            <line number="10" hits="4" branch="false"/>
            <line number="11" hits="1" branch="false"/>
            <line number="13" hits="1" branch="false"/>
          </lines>
        </class>
      </classes>
    </package>
    <package name="src.stores.delivery" line-rate="1" branch-rate="1">
      <classes>
        <class name="DeliveryEffect.ts" filename="src/stores/delivery/DeliveryEffect.ts" line-rate="1" branch-rate="1">
          <methods>
            <method name="(anonymous_0)" hits="1" signature="()V">
              <lines>
                <line number="5" hits="1"/>
              </lines>
            </method>
            <method name="(anonymous_1)" hits="1" signature="()V">
              <lines>
                <line number="11" hits="1"/>
              </lines>
            </method>
          </methods>
          <lines>
            <line number="5" hits="4" branch="false"/>
            <line number="6" hits="1" branch="false"/>
            <line number="8" hits="1" branch="false"/>
            <line number="11" hits="4" branch="false"/>
            <line number="12" hits="1" branch="false"/>
            <line number="13" hits="1" branch="false"/>
            <line number="15" hits="1" branch="false"/>
          </lines>
        </class>
        <class name="DeliveryEvents.ts" filename="src/stores/delivery/DeliveryEvents.ts" line-rate="1" branch-rate="1">
          <methods>
          </methods>
          <lines>
            <line number="4" hits="4" branch="false"/>
          </lines>
        </class>
        <class name="DeliveryState.ts" filename="src/stores/delivery/DeliveryState.ts" line-rate="1" branch-rate="1">
          <methods>
          </methods>
          <lines>
          </lines>
        </class>
        <class name="DeliveryStore.ts" filename="src/stores/delivery/DeliveryStore.ts" line-rate="1" branch-rate="1">
          <methods>
            <method name="(anonymous_0)" hits="1" signature="()V">
              <lines>
                <line number="22" hits="1"/>
              </lines>
            </method>
            <method name="(anonymous_1)" hits="1" signature="()V">
              <lines>
                <line number="25" hits="1"/>
              </lines>
            </method>
            <method name="(anonymous_2)" hits="1" signature="()V">
              <lines>
                <line number="31" hits="1"/>
              </lines>
            </method>
          </methods>
          <lines>
            <line number="7" hits="4" branch="false"/>
            <line number="21" hits="4" branch="false"/>
            <line number="23" hits="1" branch="false"/>
            <line number="26" hits="1" branch="false"/>
            <line number="32" hits="1" branch="false"/>
          </lines>
        </class>
      </classes>
    </package>
    <package name="src.types" line-rate="1" branch-rate="1">
      <classes>
        <class name="deliveries.types.ts" filename="src/types/deliveries.types.ts" line-rate="1" branch-rate="1">
          <methods>
          </methods>
          <lines>
          </lines>
        </class>
      </classes>
    </package>
  </packages>
</coverage>
