{"/home/thiagocampos/Área de Trabalho/delivers/app/src/pages/deliveries/Deliveries.tsx": {"path":"/home/thiagocampos/Área de Trabalho/delivers/app/src/pages/deliveries/Deliveries.tsx","statementMap":{"0":{"start":{"line":7,"column":26},"end":{"line":24,"column":1}},"1":{"start":{"line":9,"column":27},"end":{"line":13,"column":6}},"2":{"start":{"line":12,"column":23},"end":{"line":12,"column":28}},"3":{"start":{"line":15,"column":4},"end":{"line":19,"column":21}},"4":{"start":{"line":16,"column":8},"end":{"line":18,"column":9}},"5":{"start":{"line":17,"column":12},"end":{"line":17,"column":31}},"6":{"start":{"line":21,"column":4},"end":{"line":23,"column":6}}},"fnMap":{"0":{"name":"(anonymous_0)","decl":{"start":{"line":7,"column":26},"end":{"line":7,"column":27}},"loc":{"start":{"line":7,"column":32},"end":{"line":24,"column":1}},"line":7},"1":{"name":"(anonymous_1)","decl":{"start":{"line":12,"column":12},"end":{"line":12,"column":13}},"loc":{"start":{"line":12,"column":23},"end":{"line":12,"column":28}},"line":12},"2":{"name":"(anonymous_2)","decl":{"start":{"line":15,"column":20},"end":{"line":15,"column":21}},"loc":{"start":{"line":15,"column":26},"end":{"line":19,"column":5}},"line":15}},"branchMap":{"0":{"loc":{"start":{"line":16,"column":8},"end":{"line":18,"column":9}},"type":"if","locations":[{"start":{"line":16,"column":8},"end":{"line":18,"column":9}},{"start":{},"end":{}}],"line":16}},"s":{"0":1,"1":0,"2":0,"3":0,"4":0,"5":0,"6":0},"f":{"0":0,"1":0,"2":0},"b":{"0":[0,0]},"_coverageSchema":"1a1c01bbd47fc00a2c39e90264f33305004495a9","hash":"93f7fb7b36b30fd12bdf25fd906b68949bff436f"}
,"/home/thiagocampos/Área de Trabalho/delivers/app/src/pages/deliveries/Deliveries.view.tsx": {"path":"/home/thiagocampos/Área de Trabalho/delivers/app/src/pages/deliveries/Deliveries.view.tsx","statementMap":{"0":{"start":{"line":9,"column":26},"end":{"line":21,"column":1}},"1":{"start":{"line":11,"column":4},"end":{"line":20,"column":6}},"2":{"start":{"line":15,"column":16},"end":{"line":17,"column":22}}},"fnMap":{"0":{"name":"(anonymous_0)","decl":{"start":{"line":9,"column":26},"end":{"line":9,"column":27}},"loc":{"start":{"line":9,"column":63},"end":{"line":21,"column":1}},"line":9},"1":{"name":"(anonymous_1)","decl":{"start":{"line":14,"column":28},"end":{"line":14,"column":29}},"loc":{"start":{"line":15,"column":16},"end":{"line":17,"column":22}},"line":15}},"branchMap":{},"s":{"0":1,"1":0,"2":0},"f":{"0":0,"1":0},"b":{},"_coverageSchema":"1a1c01bbd47fc00a2c39e90264f33305004495a9","hash":"6b9783a85285618665ff550a1016163c91a4bdd5"}
,"/home/thiagocampos/Área de Trabalho/delivers/app/src/routes/AppRouter.tsx": {"path":"/home/thiagocampos/Área de Trabalho/delivers/app/src/routes/AppRouter.tsx","statementMap":{"0":{"start":{"line":5,"column":18},"end":{"line":12,"column":1}},"1":{"start":{"line":6,"column":4},"end":{"line":11,"column":6}}},"fnMap":{"0":{"name":"(anonymous_0)","decl":{"start":{"line":5,"column":18},"end":{"line":5,"column":19}},"loc":{"start":{"line":5,"column":37},"end":{"line":12,"column":1}},"line":5}},"branchMap":{},"s":{"0":1,"1":0},"f":{"0":0},"b":{},"_coverageSchema":"1a1c01bbd47fc00a2c39e90264f33305004495a9","hash":"15019b407bbb57e87d0bacc851adc90aa351fcff"}
,"/home/thiagocampos/Área de Trabalho/delivers/app/src/services/deliveries/DeliveriesService.ts": {"path":"/home/thiagocampos/Área de Trabalho/delivers/app/src/services/deliveries/DeliveriesService.ts","statementMap":{"0":{"start":{"line":3,"column":19},"end":{"line":3,"column":68}},"1":{"start":{"line":5,"column":32},"end":{"line":14,"column":1}},"2":{"start":{"line":6,"column":2},"end":{"line":13,"column":3}},"3":{"start":{"line":7,"column":16},"end":{"line":7,"column":35}},"4":{"start":{"line":8,"column":21},"end":{"line":8,"column":41}},"5":{"start":{"line":10,"column":4},"end":{"line":10,"column":25}},"6":{"start":{"line":12,"column":4},"end":{"line":12,"column":16}},"7":{"start":{"line":16,"column":31},"end":{"line":25,"column":1}},"8":{"start":{"line":17,"column":2},"end":{"line":24,"column":3}},"9":{"start":{"line":18,"column":16},"end":{"line":18,"column":41}},"10":{"start":{"line":19,"column":21},"end":{"line":19,"column":41}},"11":{"start":{"line":21,"column":4},"end":{"line":21,"column":25}},"12":{"start":{"line":23,"column":4},"end":{"line":23,"column":16}},"13":{"start":{"line":27,"column":27},"end":{"line":36,"column":1}},"14":{"start":{"line":28,"column":2},"end":{"line":35,"column":3}},"15":{"start":{"line":29,"column":16},"end":{"line":29,"column":49}},"16":{"start":{"line":30,"column":21},"end":{"line":30,"column":59}},"17":{"start":{"line":31,"column":4},"end":{"line":31,"column":12}},"18":{"start":{"line":32,"column":4},"end":{"line":32,"column":25}},"19":{"start":{"line":34,"column":4},"end":{"line":34,"column":16}}},"fnMap":{"0":{"name":"(anonymous_0)","decl":{"start":{"line":5,"column":32},"end":{"line":5,"column":33}},"loc":{"start":{"line":5,"column":75},"end":{"line":14,"column":1}},"line":5},"1":{"name":"(anonymous_1)","decl":{"start":{"line":16,"column":31},"end":{"line":16,"column":32}},"loc":{"start":{"line":16,"column":82},"end":{"line":25,"column":1}},"line":16},"2":{"name":"(anonymous_2)","decl":{"start":{"line":27,"column":27},"end":{"line":27,"column":28}},"loc":{"start":{"line":27,"column":95},"end":{"line":36,"column":1}},"line":27}},"branchMap":{},"s":{"0":4,"1":4,"2":2,"3":2,"4":2,"5":1,"6":1,"7":4,"8":2,"9":2,"10":2,"11":1,"12":1,"13":4,"14":2,"15":2,"16":1,"17":1,"18":1,"19":1},"f":{"0":2,"1":2,"2":2},"b":{},"_coverageSchema":"1a1c01bbd47fc00a2c39e90264f33305004495a9","hash":"b5ee86c85239ec6db7cff40cd2dfe93467e4d6ed"}
,"/home/thiagocampos/Área de Trabalho/delivers/app/src/stores/deliveries/DeliveriesEffect.ts": {"path":"/home/thiagocampos/Área de Trabalho/delivers/app/src/stores/deliveries/DeliveriesEffect.ts","statementMap":{"0":{"start":{"line":5,"column":32},"end":{"line":10,"column":2}},"1":{"start":{"line":7,"column":41},"end":{"line":7,"column":65}},"2":{"start":{"line":9,"column":2},"end":{"line":9,"column":28}}},"fnMap":{"0":{"name":"(anonymous_0)","decl":{"start":{"line":5,"column":45},"end":{"line":5,"column":46}},"loc":{"start":{"line":5,"column":57},"end":{"line":10,"column":1}},"line":5}},"branchMap":{},"s":{"0":2,"1":1,"2":1},"f":{"0":1},"b":{},"_coverageSchema":"1a1c01bbd47fc00a2c39e90264f33305004495a9","hash":"26a0b462fba3af441c20d7a99db2ae470eef349c"}
,"/home/thiagocampos/Área de Trabalho/delivers/app/src/stores/deliveries/DeliveriesEvents.ts": {"path":"/home/thiagocampos/Área de Trabalho/delivers/app/src/stores/deliveries/DeliveriesEvents.ts","statementMap":{"0":{"start":{"line":4,"column":29},"end":{"line":4,"column":54}}},"fnMap":{},"branchMap":{},"s":{"0":1},"f":{},"b":{},"_coverageSchema":"1a1c01bbd47fc00a2c39e90264f33305004495a9","hash":"25a803cba67af8b1c7a73e15cd7555e91b8b29cc"}
,"/home/thiagocampos/Área de Trabalho/delivers/app/src/stores/deliveries/DeliveriesStore.ts": {"path":"/home/thiagocampos/Área de Trabalho/delivers/app/src/stores/deliveries/DeliveriesStore.ts","statementMap":{"0":{"start":{"line":6,"column":38},"end":{"line":8,"column":1}},"1":{"start":{"line":10,"column":24},"end":{"line":17,"column":4}},"2":{"start":{"line":11,"column":35},"end":{"line":11,"column":58}},"3":{"start":{"line":13,"column":4},"end":{"line":16,"column":7}}},"fnMap":{"0":{"name":"(anonymous_0)","decl":{"start":{"line":11,"column":24},"end":{"line":11,"column":25}},"loc":{"start":{"line":11,"column":35},"end":{"line":11,"column":58}},"line":11},"1":{"name":"(anonymous_1)","decl":{"start":{"line":12,"column":33},"end":{"line":12,"column":34}},"loc":{"start":{"line":12,"column":53},"end":{"line":17,"column":3}},"line":12}},"branchMap":{},"s":{"0":2,"1":2,"2":1,"3":1},"f":{"0":1,"1":1},"b":{},"_coverageSchema":"1a1c01bbd47fc00a2c39e90264f33305004495a9","hash":"c79456a37de5769d3d7f68601e129240fbeb989a"}
,"/home/thiagocampos/Área de Trabalho/delivers/app/src/stores/delivery/DeliveryEffect.ts": {"path":"/home/thiagocampos/Área de Trabalho/delivers/app/src/stores/delivery/DeliveryEffect.ts","statementMap":{"0":{"start":{"line":5,"column":30},"end":{"line":9,"column":2}},"1":{"start":{"line":6,"column":37},"end":{"line":6,"column":62}},"2":{"start":{"line":8,"column":2},"end":{"line":8,"column":26}},"3":{"start":{"line":11,"column":33},"end":{"line":15,"column":2}},"4":{"start":{"line":12,"column":37},"end":{"line":12,"column":60}},"5":{"start":{"line":14,"column":2},"end":{"line":14,"column":26}}},"fnMap":{"0":{"name":"(anonymous_0)","decl":{"start":{"line":5,"column":43},"end":{"line":5,"column":44}},"loc":{"start":{"line":5,"column":65},"end":{"line":9,"column":1}},"line":5},"1":{"name":"(anonymous_1)","decl":{"start":{"line":11,"column":46},"end":{"line":11,"column":47}},"loc":{"start":{"line":11,"column":72},"end":{"line":15,"column":1}},"line":11}},"branchMap":{},"s":{"0":1,"1":1,"2":1,"3":1,"4":1,"5":1},"f":{"0":1,"1":1},"b":{},"_coverageSchema":"1a1c01bbd47fc00a2c39e90264f33305004495a9","hash":"2bc950f8eda60fcaccc267bff318fe2ee4474276"}
,"/home/thiagocampos/Área de Trabalho/delivers/app/src/stores/delivery/DeliveryEvents.ts": {"path":"/home/thiagocampos/Área de Trabalho/delivers/app/src/stores/delivery/DeliveryEvents.ts","statementMap":{"0":{"start":{"line":4,"column":27},"end":{"line":4,"column":50}}},"fnMap":{},"branchMap":{},"s":{"0":1},"f":{},"b":{},"_coverageSchema":"1a1c01bbd47fc00a2c39e90264f33305004495a9","hash":"76713b3f8f2733d6586b276c9fbe8263a7890674"}
,"/home/thiagocampos/Área de Trabalho/delivers/app/src/stores/delivery/DeliveryStore.ts": {"path":"/home/thiagocampos/Área de Trabalho/delivers/app/src/stores/delivery/DeliveryStore.ts","statementMap":{"0":{"start":{"line":7,"column":36},"end":{"line":19,"column":1}},"1":{"start":{"line":21,"column":22},"end":{"line":37,"column":4}},"2":{"start":{"line":22,"column":36},"end":{"line":22,"column":68}},"3":{"start":{"line":24,"column":4},"end":{"line":27,"column":7}},"4":{"start":{"line":30,"column":4},"end":{"line":36,"column":7}}},"fnMap":{"0":{"name":"(anonymous_0)","decl":{"start":{"line":22,"column":19},"end":{"line":22,"column":20}},"loc":{"start":{"line":22,"column":36},"end":{"line":22,"column":68}},"line":22},"1":{"name":"(anonymous_1)","decl":{"start":{"line":23,"column":31},"end":{"line":23,"column":32}},"loc":{"start":{"line":23,"column":51},"end":{"line":28,"column":3}},"line":23},"2":{"name":"(anonymous_2)","decl":{"start":{"line":29,"column":34},"end":{"line":29,"column":35}},"loc":{"start":{"line":29,"column":54},"end":{"line":37,"column":3}},"line":29}},"branchMap":{},"s":{"0":1,"1":1,"2":1,"3":1,"4":1},"f":{"0":1,"1":1,"2":1},"b":{},"_coverageSchema":"1a1c01bbd47fc00a2c39e90264f33305004495a9","hash":"b8165e76913251026f725910cca14788eef5c164"}
}
