TN:
SF:src/App.tsx
FN:5,App
FNF:1
FNH:1
FNDA:1,App
DA:6,1
LF:1
LH:1
BRF:0
BRH:0
end_of_record
TN:
SF:src/pages/deliveries/Deliveries.tsx
FN:8,(anonymous_0)
FN:13,(anonymous_1)
FN:19,(anonymous_2)
FN:22,(anonymous_3)
FNF:4
FNH:4
FNDA:4,(anonymous_0)
FNDA:1,(anonymous_1)
FNDA:1,(anonymous_2)
FNDA:2,(anonymous_3)
DA:8,3
DA:10,4
DA:13,1
DA:16,4
DA:19,1
DA:22,4
DA:23,2
DA:24,1
DA:28,4
LF:9
LH:9
BRDA:23,0,0,1
BRDA:23,0,1,1
BRF:2
BRH:2
end_of_record
TN:
SF:src/pages/deliveries/DeliveriesView.tsx
FN:11,(anonymous_0)
FN:16,(anonymous_1)
FNF:2
FNH:2
FNDA:2,(anonymous_0)
FNDA:2,(anonymous_1)
DA:11,4
DA:13,2
DA:17,2
LF:3
LH:3
BRDA:20,0,0,2
BRDA:20,0,1,1
BRF:2
BRH:2
end_of_record
TN:
SF:src/pages/delivery/Delivery.tsx
FN:15,(anonymous_0)
FN:19,(anonymous_1)
FN:21,(anonymous_2)
FN:28,(anonymous_3)
FN:35,(anonymous_4)
FN:41,(anonymous_5)
FN:44,(anonymous_6)
FN:48,(anonymous_7)
FN:52,(anonymous_8)
FNF:9
FNH:9
FNDA:6,(anonymous_0)
FNDA:1,(anonymous_1)
FNDA:1,(anonymous_2)
FNDA:1,(anonymous_3)
FNDA:1,(anonymous_4)
FNDA:1,(anonymous_5)
FNDA:1,(anonymous_6)
FNDA:1,(anonymous_7)
FNDA:2,(anonymous_8)
DA:15,3
DA:16,6
DA:17,6
DA:19,6
DA:20,1
DA:22,1
DA:23,1
DA:28,6
DA:29,1
DA:32,6
DA:35,1
DA:38,6
DA:41,1
DA:44,6
DA:45,1
DA:48,6
DA:49,1
DA:52,6
DA:53,2
DA:54,1
DA:55,1
DA:57,1
DA:65,1
DA:66,1
DA:69,6
LF:25
LH:25
BRDA:45,0,0,1
BRDA:45,0,1,1
BRDA:49,1,0,1
BRDA:49,1,1,1
BRDA:53,2,0,1
BRDA:53,2,1,1
BRDA:53,3,0,2
BRDA:53,3,1,1
BRF:8
BRH:8
end_of_record
TN:
SF:src/pages/delivery/DeliveryView.tsx
FN:18,(anonymous_0)
FN:23,(anonymous_1)
FN:27,(anonymous_2)
FN:28,(anonymous_3)
FN:45,(anonymous_4)
FNF:5
FNH:5
FNDA:6,(anonymous_0)
FNDA:6,(anonymous_1)
FNDA:1,(anonymous_2)
FNDA:1,(anonymous_3)
FNDA:6,(anonymous_4)
DA:18,4
DA:20,6
DA:21,6
DA:23,6
DA:24,6
DA:25,4
DA:27,1
DA:28,1
DA:32,2
DA:45,6
DA:46,6
DA:47,5
DA:57,1
DA:67,6
LF:14
LH:14
BRDA:20,0,0,6
BRDA:20,0,1,4
BRDA:21,1,0,6
BRDA:21,1,1,2
BRDA:24,2,0,4
BRDA:24,2,1,2
BRDA:36,3,0,2
BRDA:36,3,1,1
BRDA:46,4,0,5
BRDA:46,4,1,1
BRF:10
BRH:10
end_of_record
TN:
SF:src/routes/AppRouter.tsx
FN:6,(anonymous_0)
FNF:1
FNH:1
FNDA:2,(anonymous_0)
DA:6,2
DA:7,2
LF:2
LH:2
BRF:0
BRH:0
end_of_record
TN:
SF:src/services/deliveries/DeliveriesService.ts
FN:5,(anonymous_0)
FN:16,(anonymous_1)
FN:26,(anonymous_2)
FNF:3
FNH:3
FNDA:2,(anonymous_0)
FNDA:2,(anonymous_1)
FNDA:2,(anonymous_2)
DA:3,7
DA:5,7
DA:6,2
DA:7,2
DA:8,2
DA:10,1
DA:12,1
DA:16,7
DA:17,2
DA:18,2
DA:19,2
DA:20,1
DA:22,1
DA:26,7
DA:27,2
DA:28,2
DA:29,1
DA:30,1
DA:32,1
LF:19
LH:19
BRF:0
BRH:0
end_of_record
TN:
SF:src/services/deliveries/DeliveriesService.types.ts
FNF:0
FNH:0
LF:0
LH:0
BRF:0
BRH:0
end_of_record
TN:
SF:src/stores/activeProps/ActivePropsEffect.ts
FNF:0
FNH:0
DA:4,5
LF:1
LH:1
BRF:0
BRH:0
end_of_record
TN:
SF:src/stores/activeProps/ActivePropsState.ts
FNF:0
FNH:0
LF:0
LH:0
BRF:0
BRH:0
end_of_record
TN:
SF:src/stores/activeProps/ActivePropsStore.ts
FN:11,(anonymous_0)
FNF:1
FNH:1
FNDA:1,(anonymous_0)
DA:6,5
DA:11,5
DA:12,1
LF:3
LH:3
BRF:0
BRH:0
end_of_record
TN:
SF:src/stores/deliveries/DeliveriesEffect.ts
FN:5,(anonymous_0)
FNF:1
FNH:1
FNDA:1,(anonymous_0)
DA:5,4
DA:7,1
DA:9,1
LF:3
LH:3
BRF:0
BRH:0
end_of_record
TN:
SF:src/stores/deliveries/DeliveriesEvents.ts
FNF:0
FNH:0
DA:4,1
LF:1
LH:1
BRF:0
BRH:0
end_of_record
TN:
SF:src/stores/deliveries/DeliveriesState.ts
FNF:0
FNH:0
LF:0
LH:0
BRF:0
BRH:0
end_of_record
TN:
SF:src/stores/deliveries/DeliveriesStore.ts
FN:11,(anonymous_0)
FN:12,(anonymous_1)
FNF:2
FNH:2
FNDA:1,(anonymous_0)
FNDA:1,(anonymous_1)
DA:6,4
DA:10,4
DA:11,1
DA:13,1
LF:4
LH:4
BRF:0
BRH:0
end_of_record
TN:
SF:src/stores/delivery/DeliveryEffect.ts
FN:5,(anonymous_0)
FN:11,(anonymous_1)
FNF:2
FNH:2
FNDA:1,(anonymous_0)
FNDA:1,(anonymous_1)
DA:5,4
DA:6,1
DA:8,1
DA:11,4
DA:12,1
DA:13,1
DA:15,1
LF:7
LH:7
BRF:0
BRH:0
end_of_record
TN:
SF:src/stores/delivery/DeliveryEvents.ts
FNF:0
FNH:0
DA:4,4
LF:1
LH:1
BRF:0
BRH:0
end_of_record
TN:
SF:src/stores/delivery/DeliveryState.ts
FNF:0
FNH:0
LF:0
LH:0
BRF:0
BRH:0
end_of_record
TN:
SF:src/stores/delivery/DeliveryStore.ts
FN:22,(anonymous_0)
FN:25,(anonymous_1)
FN:31,(anonymous_2)
FNF:3
FNH:3
FNDA:1,(anonymous_0)
FNDA:1,(anonymous_1)
FNDA:1,(anonymous_2)
DA:7,4
DA:21,4
DA:23,1
DA:26,1
DA:32,1
LF:5
LH:5
BRF:0
BRH:0
end_of_record
TN:
SF:src/types/deliveries.types.ts
FNF:0
FNH:0
LF:0
LH:0
BRF:0
BRH:0
end_of_record
